2026-01-28 00:00:23 | ERROR    | errors | UPLOAD: [arcvikmetkaj@hotmail.com] Video: aT4wUUTlxcQ.mp4 | Error: Open dialog failed
2026-01-28 00:00:40 | ERROR    | errors | UPLOAD: [canguisegaar@hotmail.com] Video: vhfRZevc9nI.mp4 | Error: Open dialog failed
2026-01-28 00:01:13 | ERROR    | errors | UPLOAD: [utasirme@hotmail.com] Video: zKXYtxJE1jo.mp4 | Error: Account blocked
2026-01-28 00:02:20 | ERROR    | errors | UPLOAD: [paroifatmy6@hotmail.com] Video: NQP3nxKrQ7k.mp4 | Error: Upload prepare error: Message: invalid session id: session deleted as the browser has closed the connection
from disconnected: not connected to DevTools
  (Session info: chrome=142.0.7444.163); For documentation on this error, please visit: https://www.selenium.dev/documentation/webdriver/troubleshooting/errors#invalidsessionidexception
Stacktrace:
Symbols not available. Dumping unresolved backtrace:
	0x7ff6a0590e75
	0x7ff6a01ab2b0
	0x7ff6a003128d
	0x7ff6a001cca5
	0x7ff6a004263a
	0x7ff6a00ba026
	0x7ff6a00daf82
	0x7ff6a007ac9d
	0x7ff6a007bb13
	0x7ff6a0621fb0
	0x7ff6a063fe8a
	0x7ff6a0633ed5
	0x7ff6a03190ce
	0x7ff6a01b806f
	0x7ff6a01b32c4
	0x7ff6a01b347f
	0x7ff6a01a0f38
	0x7fffb4a87614
	0x7fffb5e426a1

2026-01-28 01:07:56 | ERROR    | errors | UPLOAD: [redeypikc@hotmail.com] Video: ZHzESGK6Jgw.mp4 | Error: Upload prepare error: Message: invalid session id: session deleted as the browser has closed the connection
from disconnected: not connected to DevTools
  (Session info: chrome=142.0.7444.163); For documentation on this error, please visit: https://www.selenium.dev/documentation/webdriver/troubleshooting/errors#invalidsessionidexception
Stacktrace:
Symbols not available. Dumping unresolved backtrace:
	0x7ff6a0590e75
	0x7ff6a01ab2b0
	0x7ff6a003128d
	0x7ff6a001cca5
	0x7ff6a004263a
	0x7ff6a00ba026
	0x7ff6a00daf82
	0x7ff6a007ac9d
	0x7ff6a007bb13
	0x7ff6a0621fb0
	0x7ff6a063fe8a
	0x7ff6a0633ed5
	0x7ff6a03190ce
	0x7ff6a01b806f
	0x7ff6a01b32c4
	0x7ff6a01b347f
	0x7ff6a01a0f38
	0x7fffb4a87614
	0x7fffb5e426a1

2026-01-28 02:02:25 | ERROR    | errors | DOWNLOAD: [paroifatmy6@hotmail.com] URL: https://www.youtube.com/shorts/XIhyH4lQRCA | Error: yt-dlp loi: [0;31mERROR:[0m unable to download video data: HTTP Error 403: Forbidden
2026-01-28 02:04:43 | ERROR    | errors | UPLOAD: [nlockjwja@hotmail.com] Video: TFbJB7RzZyY.mp4 | Error: Open dialog failed
2026-01-28 02:05:55 | ERROR    | errors | UPLOAD: [ibadetmorsin9684@hotmail.com] Video: fPzxskzQnZ8.mp4 | Error: 
2026-01-28 02:05:57 | ERROR    | errors | UPLOAD: [siriyanavaee@hotmail.com] Video: iNz-Or3pGlA.mp4 | Error: 
2026-01-28 02:06:01 | ERROR    | errors | UPLOAD: [bedijajilke@hotmail.com] Video: QjWA3W7_poM.mp4 | Error: 
2026-01-28 11:44:08 | ERROR    | errors | DOWNLOAD: [iklasbakam@hotmail.com] URL: https://www.youtube.com/shorts/rc6eB4rG1qI | Error: yt-dlp loi: [0;31mERROR:[0m unable to download video data: HTTP Error 403: Forbidden
2026-01-28 11:44:37 | ERROR    | errors | UPLOAD: [menjliafrian@hotmail.com] Video: BRYNLQ-PnH4.mp4 | Error: Account blocked
2026-01-28 11:51:10 | ERROR    | errors | DOWNLOAD: [beionasib@hotmail.com] URL: https://www.youtube.com/shorts/vn7L098oU-E | Error: yt-dlp loi: [0;31mERROR:[0m unable to download video data: HTTP Error 403: Forbidden
2026-01-28 12:00:31 | ERROR    | errors | DOWNLOAD: [kdatalom@hotmail.com] URL: https://www.youtube.com/shorts/OYHPZwTpPKY | Error: yt-dlp loi: [0;31mERROR:[0m unable to download video data: HTTP Error 403: Forbidden
2026-01-28 12:01:02 | ERROR    | errors | DOWNLOAD: [ribadalapiza@hotmail.com] URL: https://www.youtube.com/shorts/XpcFc4g1XEw | Error: yt-dlp loi: [0;31mERROR:[0m unable to download video data: HTTP Error 403: Forbidden
2026-01-28 12:01:23 | ERROR    | errors | DOWNLOAD: [rylichsujesh49@hotmail.com] URL: https://www.youtube.com/shorts/hGPa4goWlKA | Error: yt-dlp loi: [0;31mERROR:[0m unable to download video data: HTTP Error 403: Forbidden
2026-01-28 12:01:47 | ERROR    | errors | DOWNLOAD: [kalteagkikas11@hotmail.com] URL: https://www.youtube.com/shorts/SjyV9-WmGgk | Error: yt-dlp loi: [0;31mERROR:[0m unable to download video data: HTTP Error 403: Forbidden
2026-01-28 12:02:23 | ERROR    | errors | DOWNLOAD: [nurdosmanzin@hotmail.com] URL: https://www.youtube.com/shorts/i1lnWzbiaF0 | Error: yt-dlp loi: [0;31mERROR:[0m unable to download video data: HTTP Error 403: Forbidden
2026-01-28 12:12:24 | ERROR    | errors | DOWNLOAD: [rohtchyan@hotmail.com] URL: https://www.youtube.com/shorts/-QuSm73LkYQ | Error: yt-dlp loi: [0;31mERROR:[0m unable to download video data: HTTP Error 403: Forbidden
2026-01-28 12:14:55 | ERROR    | errors | DOWNLOAD: [nkhusikpatsa@hotmail.com] URL: https://www.youtube.com/shorts/NByjrlo-FZU | Error: yt-dlp loi: [0;31mERROR:[0m unable to download video data: HTTP Error 403: Forbidden
2026-01-28 12:16:26 | ERROR    | errors | DOWNLOAD: [gadaisukfan@hotmail.com] URL: https://www.youtube.com/shorts/3du3w6G9AcI | Error: yt-dlp loi: [0;31mERROR:[0m unable to download video data: HTTP Error 403: Forbidden
2026-01-28 12:25:52 | ERROR    | errors | DOWNLOAD: [awodirudrud@hotmail.com] URL: https://www.youtube.com/shorts/-_9PKmUtDjA | Error: yt-dlp loi: [0;31mERROR:[0m unable to download video data: HTTP Error 403: Forbidden
2026-01-28 12:25:59 | ERROR    | errors | DOWNLOAD: [wirtzpreze72@hotmail.com] URL: https://www.youtube.com/shorts/vqoOFaiFuYM | Error: yt-dlp loi: [0;31mERROR:[0m unable to download video data: HTTP Error 403: Forbidden
2026-01-28 12:30:03 | ERROR    | errors | UPLOAD: [palomavane7403@outlook.com] Video: oxkZ-PnFe6U.mp4 | Error: Open dialog failed
2026-01-31 09:40:15 | ERROR    | errors | UPLOAD: [rrengakendra72@hotmail.com] Video: QADgCLruGtE.mp4 | Error: Stopped
2026-01-31 10:15:53 | ERROR    | errors | UPLOAD: [lujaincandio@hotmail.com] Video: GkD8rOmJSeo.mp4 | Error: Account blocked
2026-01-31 15:07:28 | ERROR    | errors | UPLOAD: [adlaheok@hotmail.com] Video: 1oJkA8lTwa0.mp4 | Error: Stopped
2026-02-06 02:59:49 | ERROR    | errors | UPLOAD: [menjliafrian@hotmail.com] Video: MzUwy9RiHYc.mp4 | Error: Account blocked
2026-02-06 12:08:11 | ERROR    | errors | UPLOAD: [pulokdluis@hotmail.com] Video: sRsI3XqFocM.mp4 | Error: Account blocked
2026-02-06 13:06:44 | ERROR    | errors | UPLOAD: [navudagishan@hotmail.com] Video: 3iYXMrlw_tI.mp4 | Error: Account blocked
2026-02-06 13:07:24 | ERROR    | errors | UPLOAD: [alfreorasoly26@hotmail.com] Video: jKl05sXzLag.mp4 | Error: Account blocked
