2026-01-28 00:00:23 | WARNING  | uploads | [arcvikmetkaj@hotmail.com] Video: aT4wUUTlxcQ.mp4 | Error: Open dialog failed
2026-01-28 00:00:40 | WARNING  | uploads | [canguisegaar@hotmail.com] Video: vhfRZevc9nI.mp4 | Error: Open dialog failed
2026-01-28 00:01:13 | WARNING  | uploads | [utasirme@hotmail.com] Video: zKXYtxJE1jo.mp4 | Error: Account blocked
2026-01-28 00:02:20 | WARNING  | uploads | [paroifatmy6@hotmail.com] Video: NQP3nxKrQ7k.mp4 | Error: Upload prepare error: Message: invalid session id: session deleted as the browser has closed the connection
from disconnected: not connected to DevTools
  (Session info: chrome=142.0.7444.163); For documentation on this error, please visit: https://www.selenium.dev/documentation/webdriver/troubleshooting/errors#invalidsessionidexception
Stacktrace:
Symbols not available. Dumping unresolved backtrace:
	0x7ff6a0590e75
	0x7ff6a01ab2b0
	0x7ff6a003128d
	0x7ff6a001cca5
	0x7ff6a004263a
	0x7ff6a00ba026
	0x7ff6a00daf82
	0x7ff6a007ac9d
	0x7ff6a007bb13
	0x7ff6a0621fb0
	0x7ff6a063fe8a
	0x7ff6a0633ed5
	0x7ff6a03190ce
	0x7ff6a01b806f
	0x7ff6a01b32c4
	0x7ff6a01b347f
	0x7ff6a01a0f38
	0x7fffb4a87614
	0x7fffb5e426a1

2026-01-28 01:07:56 | WARNING  | uploads | [redeypikc@hotmail.com] Video: ZHzESGK6Jgw.mp4 | Error: Upload prepare error: Message: invalid session id: session deleted as the browser has closed the connection
from disconnected: not connected to DevTools
  (Session info: chrome=142.0.7444.163); For documentation on this error, please visit: https://www.selenium.dev/documentation/webdriver/troubleshooting/errors#invalidsessionidexception
Stacktrace:
Symbols not available. Dumping unresolved backtrace:
	0x7ff6a0590e75
	0x7ff6a01ab2b0
	0x7ff6a003128d
	0x7ff6a001cca5
	0x7ff6a004263a
	0x7ff6a00ba026
	0x7ff6a00daf82
	0x7ff6a007ac9d
	0x7ff6a007bb13
	0x7ff6a0621fb0
	0x7ff6a063fe8a
	0x7ff6a0633ed5
	0x7ff6a03190ce
	0x7ff6a01b806f
	0x7ff6a01b32c4
	0x7ff6a01b347f
	0x7ff6a01a0f38
	0x7fffb4a87614
	0x7fffb5e426a1

2026-01-28 02:04:43 | WARNING  | uploads | [nlockjwja@hotmail.com] Video: TFbJB7RzZyY.mp4 | Error: Open dialog failed
2026-01-28 02:05:55 | WARNING  | uploads | [ibadetmorsin9684@hotmail.com] Video: fPzxskzQnZ8.mp4 | Error: 
2026-01-28 02:05:57 | WARNING  | uploads | [siriyanavaee@hotmail.com] Video: iNz-Or3pGlA.mp4 | Error: 
2026-01-28 02:06:01 | WARNING  | uploads | [bedijajilke@hotmail.com] Video: QjWA3W7_poM.mp4 | Error: 
2026-01-28 11:44:37 | WARNING  | uploads | [menjliafrian@hotmail.com] Video: BRYNLQ-PnH4.mp4 | Error: Account blocked
2026-01-28 12:30:03 | WARNING  | uploads | [palomavane7403@outlook.com] Video: oxkZ-PnFe6U.mp4 | Error: Open dialog failed
2026-01-31 09:40:15 | WARNING  | uploads | [rrengakendra72@hotmail.com] Video: QADgCLruGtE.mp4 | Error: Stopped
2026-01-31 10:15:53 | WARNING  | uploads | [lujaincandio@hotmail.com] Video: GkD8rOmJSeo.mp4 | Error: Account blocked
2026-01-31 15:07:28 | WARNING  | uploads | [adlaheok@hotmail.com] Video: 1oJkA8lTwa0.mp4 | Error: Stopped
